[2024-11-24 17:35:20,609: INFO: main: Welcome to the Logging of DataScience Project !!!]
[2024-12-04 23:45:14,473: INFO: common: yaml file: config\config.yaml loaded successfully]
[2024-12-04 23:45:14,475: INFO: common: yaml file: params.yaml loaded successfully]
[2024-12-04 23:45:46,123: INFO: common: yaml file: config\config.yaml loaded successfully]
[2024-12-04 23:45:46,126: INFO: common: yaml file: params.yaml loaded successfully]
[2024-12-04 23:45:59,133: INFO: common: yaml file: config\config.yaml loaded successfully]
[2024-12-04 23:45:59,135: INFO: common: yaml file: params.yaml loaded successfully]
[2024-12-04 23:46:37,797: INFO: common: yaml file: config\config.yaml loaded successfully]
[2024-12-04 23:46:37,800: INFO: common: yaml file: params.yaml loaded successfully]
[2024-12-04 23:46:37,803: INFO: common: yaml file: schema.yaml loaded successfully]
[2024-12-04 23:46:37,805: INFO: common: created directory at: artifacts]
[2024-12-04 23:47:40,809: INFO: common: yaml file: config\config.yaml loaded successfully]
[2024-12-04 23:47:40,811: INFO: common: yaml file: params.yaml loaded successfully]
[2024-12-04 23:47:40,812: INFO: common: yaml file: schema.yaml loaded successfully]
[2024-12-04 23:47:40,814: INFO: common: created directory at: artifacts]
[2024-12-04 23:47:40,815: INFO: common: created directory at: artifacts/data_ingestion]
[2024-12-04 23:48:49,692: INFO: common: yaml file: config\config.yaml loaded successfully]
[2024-12-04 23:48:49,694: INFO: common: yaml file: params.yaml loaded successfully]
[2024-12-04 23:48:49,695: INFO: common: yaml file: schema.yaml loaded successfully]
[2024-12-04 23:48:49,696: INFO: common: created directory at: artifacts]
[2024-12-04 23:48:49,697: INFO: common: created directory at: artifacts/data_ingestion]
[2024-12-04 23:48:50,471: INFO: 251335794: artifacts/data_ingestion/data.zip download! with following info: 
Connection: close
Content-Length: 23329
Cache-Control: max-age=300
Content-Security-Policy: default-src 'none'; style-src 'unsafe-inline'; sandbox
Content-Type: application/zip
ETag: "c69888a4ae59bc5a893392785a938ccd4937981c06ba8a9d6a21aa52b4ab5b6e"
Strict-Transport-Security: max-age=31536000
X-Content-Type-Options: nosniff
X-Frame-Options: deny
X-XSS-Protection: 1; mode=block
X-GitHub-Request-Id: 0B5C:35A183:163F5A:1B6E70:67509D09
Accept-Ranges: bytes
Date: Wed, 04 Dec 2024 18:18:50 GMT
Via: 1.1 varnish
X-Served-By: cache-hyd1100034-HYD
X-Cache: MISS
X-Cache-Hits: 0
X-Timer: S1733336330.147422,VS0,VE330
Vary: Authorization,Accept-Encoding,Origin
Access-Control-Allow-Origin: *
Cross-Origin-Resource-Policy: cross-origin
X-Fastly-Request-ID: 1c2bb3f7f6bf4e034e7497dd78fc8e26bab25eca
Expires: Wed, 04 Dec 2024 18:23:50 GMT
Source-Age: 0

]
[2024-12-05 09:54:41,864: INFO: main: >>>>> stage Data Ingestion Stage Started <<<<<<<

x========x]
[2024-12-05 09:54:41,866: INFO: common: yaml file: config\config.yaml loaded successfully]
[2024-12-05 09:54:41,867: INFO: common: yaml file: params.yaml loaded successfully]
[2024-12-05 09:54:41,868: INFO: common: yaml file: schema.yaml loaded successfully]
[2024-12-05 09:54:41,869: INFO: common: created directory at: artifacts]
[2024-12-05 09:54:41,869: INFO: common: created directory at: artifacts/data_ingestion]
[2024-12-05 09:54:42,816: INFO: data_ingestion: artifacts/data_ingestion/data.zip download! with following info: 
Connection: close
Content-Length: 23329
Cache-Control: max-age=300
Content-Security-Policy: default-src 'none'; style-src 'unsafe-inline'; sandbox
Content-Type: application/zip
ETag: "c69888a4ae59bc5a893392785a938ccd4937981c06ba8a9d6a21aa52b4ab5b6e"
Strict-Transport-Security: max-age=31536000
X-Content-Type-Options: nosniff
X-Frame-Options: deny
X-XSS-Protection: 1; mode=block
X-GitHub-Request-Id: F820:342D9E:1A6CBC:217196:67512B08
Accept-Ranges: bytes
Date: Thu, 05 Dec 2024 04:24:42 GMT
Via: 1.1 varnish
X-Served-By: cache-hyd1100035-HYD
X-Cache: MISS
X-Cache-Hits: 0
X-Timer: S1733372682.053837,VS0,VE321
Vary: Authorization,Accept-Encoding,Origin
Access-Control-Allow-Origin: *
Cross-Origin-Resource-Policy: cross-origin
X-Fastly-Request-ID: 67a9feb5a9e9117a893692ab3e4111d43c5c525e
Expires: Thu, 05 Dec 2024 04:29:42 GMT
Source-Age: 0

]
[2024-12-05 09:54:42,824: INFO: main: >>>>> stage Data Ingestion Stage Completed <<<<<<<

x========x]
[2024-12-05 21:05:28,691: INFO: common: yaml file: config\config.yaml loaded successfully]
[2024-12-05 21:05:28,701: INFO: common: yaml file: params.yaml loaded successfully]
[2024-12-05 21:05:28,704: INFO: common: yaml file: schema.yaml loaded successfully]
[2024-12-05 21:05:28,706: INFO: common: created directory at: artifacts]
[2024-12-05 21:05:56,611: INFO: common: yaml file: config\config.yaml loaded successfully]
[2024-12-05 21:05:56,612: INFO: common: yaml file: params.yaml loaded successfully]
[2024-12-05 21:05:56,615: INFO: common: yaml file: schema.yaml loaded successfully]
[2024-12-05 21:05:56,617: INFO: common: created directory at: artifacts]
[2024-12-05 21:47:50,248: INFO: common: yaml file: config\config.yaml loaded successfully]
[2024-12-05 21:47:50,250: INFO: common: yaml file: params.yaml loaded successfully]
[2024-12-05 21:47:50,255: INFO: common: yaml file: schema.yaml loaded successfully]
[2024-12-05 21:47:50,257: INFO: common: created directory at: artifacts]
[2024-12-05 21:47:50,258: INFO: common: created directory at: artifacts/data_validation]
[2024-12-05 21:48:42,040: INFO: common: yaml file: config\config.yaml loaded successfully]
[2024-12-05 21:48:42,042: INFO: common: yaml file: params.yaml loaded successfully]
[2024-12-05 21:48:42,045: INFO: common: yaml file: schema.yaml loaded successfully]
[2024-12-05 21:48:42,046: INFO: common: created directory at: artifacts]
[2024-12-05 21:48:42,048: INFO: common: created directory at: artifacts/data_validation]
[2024-12-05 21:50:03,102: INFO: common: yaml file: config\config.yaml loaded successfully]
[2024-12-05 21:50:03,104: INFO: common: yaml file: params.yaml loaded successfully]
[2024-12-05 21:50:03,107: INFO: common: yaml file: schema.yaml loaded successfully]
[2024-12-05 21:50:03,108: INFO: common: created directory at: artifacts]
[2024-12-05 21:50:03,110: INFO: common: created directory at: artifacts/data_validation]
[2024-12-05 21:58:51,097: INFO: main: >>>>> stage Data Ingestion Stage Started <<<<<<<

x========x]
[2024-12-05 21:58:51,100: INFO: common: yaml file: config\config.yaml loaded successfully]
[2024-12-05 21:58:51,105: INFO: common: yaml file: params.yaml loaded successfully]
[2024-12-05 21:58:51,108: INFO: common: yaml file: schema.yaml loaded successfully]
[2024-12-05 21:58:51,109: INFO: common: created directory at: artifacts]
[2024-12-05 21:58:51,110: INFO: common: created directory at: artifacts/data_ingestion]
[2024-12-05 21:58:51,111: INFO: data_ingestion: File already exists]
[2024-12-05 21:58:51,118: INFO: main: >>>>> stage Data Ingestion Stage Completed <<<<<<<

x========x]
[2024-12-05 21:58:51,119: INFO: main: >>>>> stage Data Validation Stage Started <<<<<<<

x========x]
[2024-12-05 21:58:51,121: INFO: common: yaml file: config\config.yaml loaded successfully]
[2024-12-05 21:58:51,122: INFO: common: yaml file: params.yaml loaded successfully]
[2024-12-05 21:58:51,125: INFO: common: yaml file: schema.yaml loaded successfully]
[2024-12-05 21:58:51,126: INFO: common: created directory at: artifacts]
[2024-12-05 21:58:51,126: INFO: common: created directory at: artifacts/data_validation]
[2024-12-05 21:58:51,126: ERROR: main: name 'pd' is not defined]
Traceback (most recent call last):
  File "D:\Shoeb\MLOPS\datascience\main.py", line 22, in <module>
    obj.initiate_data_validation()
  File "D:\Shoeb\MLOPS\datascience\src\datascience\pipeline\data_validation_pipeline.py", line 15, in initiate_data_validation
    data_validation.validate_all_columns()
  File "D:\Shoeb\MLOPS\datascience\src\datascience\components\data_validation.py", line 34, in validate_all_columns
    raise e
  File "D:\Shoeb\MLOPS\datascience\src\datascience\components\data_validation.py", line 14, in validate_all_columns
    data = pd.read_csv(self.config.unzip_data_dir)
NameError: name 'pd' is not defined
[2024-12-05 21:59:30,089: INFO: main: >>>>> stage Data Ingestion Stage Started <<<<<<<

x========x]
[2024-12-05 21:59:30,091: INFO: common: yaml file: config\config.yaml loaded successfully]
[2024-12-05 21:59:30,092: INFO: common: yaml file: params.yaml loaded successfully]
[2024-12-05 21:59:30,094: INFO: common: yaml file: schema.yaml loaded successfully]
[2024-12-05 21:59:30,095: INFO: common: created directory at: artifacts]
[2024-12-05 21:59:30,096: INFO: common: created directory at: artifacts/data_ingestion]
[2024-12-05 21:59:30,096: INFO: data_ingestion: File already exists]
[2024-12-05 21:59:30,099: INFO: main: >>>>> stage Data Ingestion Stage Completed <<<<<<<

x========x]
[2024-12-05 21:59:30,099: INFO: main: >>>>> stage Data Validation Stage Started <<<<<<<

x========x]
[2024-12-05 21:59:30,102: INFO: common: yaml file: config\config.yaml loaded successfully]
[2024-12-05 21:59:30,103: INFO: common: yaml file: params.yaml loaded successfully]
[2024-12-05 21:59:30,106: INFO: common: yaml file: schema.yaml loaded successfully]
[2024-12-05 21:59:30,107: INFO: common: created directory at: artifacts]
[2024-12-05 21:59:30,107: INFO: common: created directory at: artifacts/data_validation]
[2024-12-05 21:59:30,132: INFO: main: >>>>> stage Data Validation Stage Completed <<<<<<<

x========x]
